2021-03-25 17:54:51,160 [5] INFO - [SerialCom] Running Check Update
2021-03-25 17:56:12,189 [4] INFO - [SerialCom] Running Check Update
2021-03-25 17:56:12,218 [4] INFO - [SerialCom] Current Version: 1.9
2021-03-25 17:56:12,237 [4] INFO - [SerialCom] BackgroundWorker CekUpdate Version Update : 1.9
2021-03-25 17:56:12,254 [1] INFO - [SerialCom] BackgroundWorker CekUpdate RunWorkerCompled : 1.9
2021-03-25 17:56:20,709 [1] INFO - [SerialCom] setting
2021-03-25 17:56:22,666 [4] INFO - [SerialCom] Running Check Update
2021-03-25 17:56:22,677 [4] INFO - [SerialCom] Current Version: 1.9
2021-03-25 17:56:22,690 [4] INFO - [SerialCom] BackgroundWorker CekUpdate Version Update : 1.9
2021-03-25 17:56:22,700 [1] INFO - [SerialCom] BackgroundWorker CekUpdate RunWorkerCompled : 1.9
2021-03-25 20:13:20,707 [4] INFO - [SerialCom] Running Check Update
2021-03-25 20:13:20,735 [4] INFO - [SerialCom] Current Version: 1.9
2021-03-25 20:13:20,753 [4] INFO - [SerialCom] BackgroundWorker CekUpdate Version Update : 1.9
2021-03-25 20:13:20,773 [1] INFO - [SerialCom] BackgroundWorker CekUpdate RunWorkerCompled : 1.9
2021-03-25 20:13:21,735 [1] INFO - [SerialCom] setting
2021-03-25 20:13:27,244 [1] INFO - [SerialCom] Port : COM1|Data Bits : 8|Parity : NONE|StopBits : 1|Flow Control : NONE
2021-03-25 20:13:30,872 [4] INFO - [SerialCom] Running Check Update
2021-03-25 20:13:30,884 [4] INFO - [SerialCom] Current Version: 1.9
2021-03-25 20:13:30,896 [4] INFO - [SerialCom] BackgroundWorker CekUpdate Version Update : 1.9
2021-03-25 20:13:30,908 [1] INFO - [SerialCom] BackgroundWorker CekUpdate RunWorkerCompled : 1.9
2021-03-25 22:06:33,426 [4] INFO - [SerialCom] Running Check Update
2021-03-25 22:06:33,459 [4] INFO - [SerialCom] Current Version: 1.9
2021-03-25 22:06:33,478 [4] INFO - [SerialCom] BackgroundWorker CekUpdate Version Update : 1.9
2021-03-25 22:06:33,494 [1] INFO - [SerialCom] BackgroundWorker CekUpdate RunWorkerCompled : 1.9
2021-03-25 22:06:51,320 [1] INFO - [SerialCom] Result Insert - INSERT INTO uniquecode(uniquecode,received) VALUES ('TEST00001','2020-01-09 20:00:00') - 1
2021-03-25 22:06:51,329 [1] INFO - [SerialCom] Result Insert - INSERT INTO uniquecode(uniquecode,received) VALUES ('TEST00002','2020-01-09 20:00:00') - 1
2021-03-25 22:06:51,340 [1] INFO - [SerialCom] Result Insert - INSERT INTO uniquecode(uniquecode,received) VALUES ('TEST00003','2020-01-09 20:00:00') - 1
2021-03-25 22:06:51,353 [1] INFO - [SerialCom] Result Insert - INSERT INTO uniquecode(uniquecode,received) VALUES ('TEST00004','2020-01-09 20:00:00') - 1
2021-03-25 22:06:51,366 [1] INFO - [SerialCom] Result Insert - INSERT INTO uniquecode(uniquecode,received) VALUES ('TEST00005','2020-01-09 20:00:00') - 1
2021-03-25 22:06:51,374 [1] INFO - [SerialCom] Result Insert - INSERT INTO uniquecode(uniquecode,received) VALUES ('TEST00006','2020-01-09 20:00:00') - 1
2021-03-25 22:06:51,390 [1] INFO - [SerialCom] Result Insert - INSERT INTO uniquecode(uniquecode,received) VALUES ('TEST00007','2020-01-09 20:00:00') - 1
2021-03-25 22:06:51,403 [1] INFO - [SerialCom] Result Insert - INSERT INTO uniquecode(uniquecode,received) VALUES ('TEST00008','2020-01-09 20:00:00') - 1
2021-03-25 22:06:51,416 [1] INFO - [SerialCom] Result Insert - INSERT INTO uniquecode(uniquecode,received) VALUES ('TEST00009','2020-01-09 20:00:00') - 1
2021-03-25 22:06:51,428 [1] INFO - [SerialCom] Result Insert - INSERT INTO uniquecode(uniquecode,received) VALUES ('TEST00010','2020-01-09 20:00:00') - 1
2021-03-25 22:06:51,438 [1] INFO - [SerialCom] Result Insert - INSERT INTO uniquecode(uniquecode,received) VALUES ('TEST00011','2020-01-09 20:00:00') - 1
2021-03-25 22:06:51,447 [1] INFO - [SerialCom] Result Insert - INSERT INTO uniquecode(uniquecode,received) VALUES ('TEST00012','2020-01-09 20:00:00') - 1
2021-03-25 22:06:51,455 [1] INFO - [SerialCom] Result Insert - INSERT INTO uniquecode(uniquecode,received) VALUES ('TEST00013','2020-01-09 20:00:00') - 1
2021-03-25 22:06:51,463 [1] INFO - [SerialCom] Result Insert - INSERT INTO uniquecode(uniquecode,received) VALUES ('TEST00014','2020-01-09 20:00:00') - 1
2021-03-25 22:06:51,473 [1] INFO - [SerialCom] Result Insert - INSERT INTO uniquecode(uniquecode,received) VALUES ('TEST00015','2020-01-09 20:00:00') - 1
2021-03-25 22:06:51,482 [1] INFO - [SerialCom] Result Insert - INSERT INTO uniquecode(uniquecode,received) VALUES ('TEST00016','2020-01-09 20:00:00') - 1
2021-03-25 22:06:51,492 [1] INFO - [SerialCom] Result Insert - INSERT INTO uniquecode(uniquecode,received) VALUES ('TEST00017','2020-01-09 20:00:00') - 1
2021-03-25 22:06:51,501 [1] INFO - [SerialCom] Result Insert - INSERT INTO uniquecode(uniquecode,received) VALUES ('TEST00018','2020-01-09 20:00:00') - 1
2021-03-25 22:06:51,511 [1] INFO - [SerialCom] Result Insert - INSERT INTO uniquecode(uniquecode,received) VALUES ('TEST00019','2020-01-09 20:00:00') - 1
2021-03-25 22:06:51,522 [1] INFO - [SerialCom] Result Insert - INSERT INTO uniquecode(uniquecode,received) VALUES ('TEST00020','2020-01-09 20:00:00') - 1
2021-03-25 22:23:59,660 [4] INFO - [SerialCom] Running Check Update
2021-03-25 22:23:59,686 [4] INFO - [SerialCom] Current Version: 1.9
2021-03-25 22:23:59,704 [4] INFO - [SerialCom] BackgroundWorker CekUpdate Version Update : 1.9
2021-03-25 22:23:59,723 [1] INFO - [SerialCom] BackgroundWorker CekUpdate RunWorkerCompled : 1.9
2021-03-25 22:30:39,639 [4] INFO - [SerialCom] Running Check Update
2021-03-25 22:30:39,664 [4] INFO - [SerialCom] Current Version: 1.9
2021-03-25 22:30:39,678 [4] INFO - [SerialCom] BackgroundWorker CekUpdate Version Update : 1.9
2021-03-25 22:30:39,697 [1] INFO - [SerialCom] BackgroundWorker CekUpdate RunWorkerCompled : 1.9
