2021-03-08 02:13:33,793 [1] INFO - [SerialCom] Port : COM1|Data Bits : 8|Parity : NONE|StopBits : 1|Flow Control : NONE
2021-03-08 02:13:36,512 [1] INFO - [SerialCom] Dbs Count :  - Select Count(*) FROM uniquecode WHERE PRINTED IS NULL and buffered IS NULL and isactive = TRUE - 815
2021-03-08 02:13:58,128 [7] INFO - [SerialCom] argumentOfworker : ECHO-0,ECHO
2021-03-08 02:13:59,923 [8] INFO - [SerialCom] Send To Printer : 0,PEEC,1, | Response : 0,PEEC,1,
2021-03-08 02:13:59,929 [8] INFO - [SerialCom] argumentOfworker : PEEC-0,PEEC,1,
2021-03-08 02:13:59,948 [1] INFO - [SerialCom] Result Update - With identifier AS (Select id from uniquecode where buffered is NULL and printed is NULL and isactive = TRUE Order by id asc LIMIT 4 for update) Update uniquecode u set buffered=now() From identifier where identifier.id = u.id - 4
2021-03-08 02:13:59,967 [1] INFO - [SerialCom] Db Select - SELECT uniquecode,id FROM uniquecode WHERE printed IS NULL AND buffered IS NOT NULL and isactive = TRUE ORDER BY ID asc - ABCDE123451318,ABCDE123451319,ABCDE123451320,ABCDE123451321,ABCDE123451322,ABCDE123451323,ABCDE123451324,ABCDE123451325,ABCDE123451326,ABCDE123451327
2021-03-08 02:13:59,975 [1] INFO - [SerialCom] Db Selectid - SELECT id FROM uniquecode WHERE printed IS NULL AND buffered IS NOT NULL and isactive = TRUE ORDER BY id asc - 4511,4512,4513,4514,4515,4516,4517,4518,4519,4520
2021-03-08 02:14:10,909 [9] INFO - [SerialCom] Send To Printer : 0,MSST,3, | Response : 0,FDOK,
2021-03-08 02:14:10,919 [9] INFO - [SerialCom] argumentOfworker : MSST-0,FDOK,
2021-03-08 02:14:37,254 [7] INFO - [SerialCom] Send To Printer : 0,SMFM,003,01,01,1,100,0000,2D_BAR,ABCDE123451318 | Response : 0,FDOK,
2021-03-08 02:14:37,263 [7] INFO - [SerialCom] argumentOfworker : SMFM-0,FDOK,
2021-03-08 02:14:40,479 [14] INFO - [SerialCom] Send To Printer : 0,JTST
2021-03-08 02:14:40,485 [14] INFO - [SerialCom] argumentOfworker : JTST-OK
2021-03-08 02:15:06,853 [1] INFO - [SerialCom] Result Update - UPDATE uniquecode SET buffered = NULL WHERE buffered IS NOT NULL and printed IS NULL and isactive = TRUE - 10
2021-03-08 02:15:08,635 [1] INFO - [SerialCom] Result Update - UPDATE uniquecode SET buffered = NULL WHERE buffered IS NOT NULL and printed IS NULL and isactive = TRUE - 0
2021-03-08 02:15:09,863 [7] INFO - [SerialCom] Send To Printer : 0,JTSP,\r\n
2021-03-08 02:15:14,139 [1] ERROR- [SerialCom] Printer Status :  - Connection Disconnected
2021-03-08 02:15:14,847 [1] INFO - [SerialCom] Port : COM1|Data Bits : 8|Parity : NONE|StopBits : 1|Flow Control : NONE
2021-03-08 02:15:15,959 [1] INFO - [SerialCom] Dbs Count :  - Select Count(*) FROM uniquecode WHERE PRINTED IS NULL and buffered IS NULL and isactive = TRUE - 821
2021-03-08 02:15:33,094 [7] INFO - [SerialCom] argumentOfworker : ECHO-0,ECHO
2021-03-08 02:15:33,854 [7] INFO - [SerialCom] Send To Printer : 0,PEEC,1, | Response : 0,PEE
2021-03-08 02:15:33,869 [7] INFO - [SerialCom] argumentOfworker : PEEC-0,PEE
2021-03-08 02:15:33,880 [1] INFO - [SerialCom] Result Update - With identifier AS (Select id from uniquecode where buffered is NULL and printed is NULL and isactive = TRUE Order by id asc LIMIT 4 for update) Update uniquecode u set buffered=now() From identifier where identifier.id = u.id - 4
2021-03-08 02:15:33,890 [1] INFO - [SerialCom] Db Select - SELECT uniquecode,id FROM uniquecode WHERE printed IS NULL AND buffered IS NOT NULL and isactive = TRUE ORDER BY ID asc - ABCDE123451318,ABCDE123451319,ABCDE123451320,ABCDE123451321
2021-03-08 02:15:33,898 [1] INFO - [SerialCom] Db Selectid - SELECT id FROM uniquecode WHERE printed IS NULL AND buffered IS NOT NULL and isactive = TRUE ORDER BY id asc - 4511,4512,4513,4514
2021-03-08 02:15:33,910 [18] INFO - [SerialCom] Send To Printer : 0,MSST,3, | Response : C,1,
2021-03-08 02:15:33,918 [18] INFO - [SerialCom] argumentOfworker : MSST-C,1,
2021-03-08 02:15:37,160 [7] INFO - [SerialCom] Send To Printer : 0,SMFM,003,01,01,1,100,0000,2D_BAR,ABCDE123451318 | Response : 0,FDOK,
2021-03-08 02:15:37,173 [7] INFO - [SerialCom] argumentOfworker : SMFM-0,FDOK,
2021-03-08 02:15:40,196 [19] INFO - [SerialCom] Send To Printer : 0,JTST
2021-03-08 02:15:40,203 [19] INFO - [SerialCom] argumentOfworker : JTST-OK
2021-03-08 02:16:49,163 [1] INFO - [SerialCom] Result Update - UPDATE uniquecode SET buffered = NULL WHERE buffered IS NOT NULL and printed IS NULL and isactive = TRUE - 0
2021-03-08 02:16:50,518 [1] INFO - [SerialCom] Result Update - UPDATE uniquecode SET buffered = NULL WHERE buffered IS NOT NULL and printed IS NULL and isactive = TRUE - 0
2021-03-08 02:16:52,156 [1] ERROR- [SerialCom] SP Read (ERROR) : The port is closed.
2021-03-08 02:16:52,173 [7] INFO - [SerialCom] Send To Printer : 0,JTSP,\r\n
2021-03-08 02:16:52,944 [1] ERROR- [SerialCom] Printer Status :  - Connection Disconnected
2021-03-08 02:16:53,639 [1] INFO - [SerialCom] Port : COM1|Data Bits : 8|Parity : NONE|StopBits : 1|Flow Control : NONE
2021-03-08 02:16:55,304 [1] INFO - [SerialCom] Dbs Count :  - Select Count(*) FROM uniquecode WHERE PRINTED IS NULL and buffered IS NULL and isactive = TRUE - 821
2021-03-08 02:17:12,133 [12] INFO - [SerialCom] argumentOfworker : ECHO-0,ECHO
2021-03-08 02:17:13,072 [17] INFO - [SerialCom] Send To Printer : 0,PEEC,1, | Response : 0,PEEC,1,
2021-03-08 02:17:13,079 [17] INFO - [SerialCom] argumentOfworker : PEEC-0,PEEC,1,
2021-03-08 02:17:13,090 [1] INFO - [SerialCom] Result Update - With identifier AS (Select id from uniquecode where buffered is NULL and printed is NULL and isactive = TRUE Order by id asc LIMIT 4 for update) Update uniquecode u set buffered=now() From identifier where identifier.id = u.id - 4
2021-03-08 02:17:13,097 [1] INFO - [SerialCom] Db Select - SELECT uniquecode,id FROM uniquecode WHERE printed IS NULL AND buffered IS NOT NULL and isactive = TRUE ORDER BY ID asc - ABCDE123451318,ABCDE123451319,ABCDE123451320,ABCDE123451321
2021-03-08 02:17:13,106 [1] INFO - [SerialCom] Db Selectid - SELECT id FROM uniquecode WHERE printed IS NULL AND buffered IS NOT NULL and isactive = TRUE ORDER BY id asc - 4511,4512,4513,4514
2021-03-08 02:17:14,086 [12] INFO - [SerialCom] Send To Printer : 0,MSST,3, | Response : 0,FDOK,
2021-03-08 02:17:14,094 [12] INFO - [SerialCom] argumentOfworker : MSST-0,FDOK,
2021-03-08 02:17:19,236 [7] INFO - [SerialCom] Send To Printer : 0,SMFM,003,01,01,1,100,0000,2D_BAR,ABCDE123451318 | Response : 0,FDOK,
2021-03-08 02:17:19,244 [7] INFO - [SerialCom] argumentOfworker : SMFM-0,FDOK,
2021-03-08 02:17:22,276 [20] INFO - [SerialCom] Send To Printer : 0,JTST
2021-03-08 02:17:22,283 [20] INFO - [SerialCom] argumentOfworker : JTST-OK
2021-03-08 02:17:26,012 [20] INFO - [SerialCom] Result Update - UPDATE uniquecode SET printed = now() WHERE buffered IS NOT NULL and uniquecode = 'ABCDE123451318' - 1
2021-03-08 02:17:27,933 [5] INFO - [SerialCom] Send To Printer : 0,SMFM,003,01,01,1,100,0000,2D_BAR,ABCDE123451319 | Response : 0,FDOK
2021-03-08 02:17:27,941 [5] INFO - [SerialCom] argumentOfworker : SMFM-ON-PRINT-0,FDOK
2021-03-08 02:17:30,735 [17] INFO - [SerialCom] Result Update - UPDATE uniquecode SET printed = now() WHERE buffered IS NOT NULL and uniquecode = 'ABCDE123451319' - 1
2021-03-08 02:17:32,621 [5] INFO - [SerialCom] Send To Printer : 0,SMFM,003,01,01,1,100,0000,2D_BAR,ABCDE123451320 | Response : 0,FDOK,
2021-03-08 02:17:32,629 [5] INFO - [SerialCom] argumentOfworker : SMFM-ON-PRINT-0,FDOK,
2021-03-08 02:17:34,899 [20] INFO - [SerialCom] Result Update - UPDATE uniquecode SET printed = now() WHERE buffered IS NOT NULL and uniquecode = 'ABCDE123451320' - 1
2021-03-08 02:17:35,773 [5] INFO - [SerialCom] Send To Printer : 0,SMFM,003,01,01,1,100,0000,2D_BAR,ABCDE123451321 | Response : 0,OK
2021-03-08 02:17:35,783 [5] INFO - [SerialCom] argumentOfworker : SMFM-ON-PRINT-0,OK
2021-03-08 02:17:35,801 [7] INFO - [SerialCom] Result Update - With identifier AS (Select id from uniquecode where buffered is NULL and printed is NULL and isactive = TRUE Order by id asc LIMIT 4 for update) Update uniquecode u set buffered=now() From identifier where identifier.id = u.id - 4
2021-03-08 02:17:35,811 [7] INFO - [SerialCom] Db Select - SELECT uniquecode,id FROM uniquecode WHERE printed IS NULL AND buffered IS NOT NULL and isactive = TRUE ORDER BY ID asc - ABCDE123451321,ABCDE123451322,ABCDE123451323,ABCDE123451324,ABCDE123451325
2021-03-08 02:17:35,819 [7] INFO - [SerialCom] Db Selectid - SELECT id FROM uniquecode WHERE printed IS NULL AND buffered IS NOT NULL and isactive = TRUE ORDER BY id asc - 4514,4515,4516,4517,4518
2021-03-08 02:17:58,694 [22] INFO - [SerialCom] Result Update - UPDATE uniquecode SET printed = now() WHERE buffered IS NOT NULL and uniquecode = 'ABCDE123451321' - 1
2021-03-08 02:18:01,070 [7] INFO - [SerialCom] Send To Printer : 0,SMFM,003,01,01,1,100,0000,2D_BAR,ABCDE123451322 | Response : 0,FDOK,\
2021-03-08 02:18:01,078 [7] INFO - [SerialCom] argumentOfworker : SMFM-ON-PRINT-0,FDOK,\
2021-03-08 02:18:04,360 [22] INFO - [SerialCom] Result Update - UPDATE uniquecode SET printed = now() WHERE buffered IS NOT NULL and uniquecode = 'ABCDE123451322' - 1
2021-03-08 02:18:05,460 [23] INFO - [SerialCom] Send To Printer : 0,SMFM,003,01,01,1,100,0000,2D_BAR,ABCDE123451323 | Response : 0,FDOK,
2021-03-08 02:18:05,467 [23] INFO - [SerialCom] argumentOfworker : SMFM-ON-PRINT-0,FDOK,
2021-03-08 02:18:07,096 [25] INFO - [SerialCom] Result Update - UPDATE uniquecode SET printed = now() WHERE buffered IS NOT NULL and uniquecode = 'ABCDE123451323' - 1
2021-03-08 02:18:08,636 [22] INFO - [SerialCom] Send To Printer : 0,SMFM,003,01,01,1,100,0000,2D_BAR,ABCDE123451324 | Response : 0,FDOK,
2021-03-08 02:18:08,644 [22] INFO - [SerialCom] argumentOfworker : SMFM-ON-PRINT-0,FDOK,
2021-03-08 02:18:08,658 [7] INFO - [SerialCom] Result Update - With identifier AS (Select id from uniquecode where buffered is NULL and printed is NULL and isactive = TRUE Order by id asc LIMIT 4 for update) Update uniquecode u set buffered=now() From identifier where identifier.id = u.id - 4
2021-03-08 02:18:08,667 [7] INFO - [SerialCom] Db Select - SELECT uniquecode,id FROM uniquecode WHERE printed IS NULL AND buffered IS NOT NULL and isactive = TRUE ORDER BY ID asc - ABCDE123451324,ABCDE123451325,ABCDE123451326,ABCDE123451327,ABCDE123451328,ABCDE123451329
2021-03-08 02:18:08,675 [7] INFO - [SerialCom] Db Selectid - SELECT id FROM uniquecode WHERE printed IS NULL AND buffered IS NOT NULL and isactive = TRUE ORDER BY id asc - 4517,4518,4519,4520,4521,4522
2021-03-08 02:18:11,259 [25] INFO - [SerialCom] Result Update - UPDATE uniquecode SET printed = now() WHERE buffered IS NOT NULL and uniquecode = 'ABCDE123451324' - 1
2021-03-08 02:18:12,749 [23] INFO - [SerialCom] Send To Printer : 0,SMFM,003,01,01,1,100,0000,2D_BAR,ABCDE123451325 | Response : 0,FDOK,
2021-03-08 02:18:12,757 [23] INFO - [SerialCom] argumentOfworker : SMFM-ON-PRINT-0,FDOK,
2021-03-08 02:18:17,832 [7] INFO - [SerialCom] Result Update - UPDATE uniquecode SET printed = now() WHERE buffered IS NOT NULL and uniquecode = 'ABCDE123451325' - 1
2021-03-08 02:18:19,342 [25] INFO - [SerialCom] Send To Printer : 0,SMFM,003,01,01,1,100,0000,2D_BAR,ABCDE123451326 | Response : 0,FDOK,
2021-03-08 02:18:19,353 [25] INFO - [SerialCom] argumentOfworker : SMFM-ON-PRINT-0,FDOK,
2021-03-08 02:18:21,351 [22] INFO - [SerialCom] Result Update - UPDATE uniquecode SET printed = now() WHERE buffered IS NOT NULL and uniquecode = 'ABCDE123451326' - 1
2021-03-08 02:18:22,540 [25] INFO - [SerialCom] Send To Printer : 0,SMFM,003,01,01,1,100,0000,2D_BAR,ABCDE123451327 | Response : 0,FDOK,
2021-03-08 02:18:22,548 [25] INFO - [SerialCom] argumentOfworker : SMFM-ON-PRINT-0,FDOK,
2021-03-08 02:18:22,565 [22] INFO - [SerialCom] Result Update - With identifier AS (Select id from uniquecode where buffered is NULL and printed is NULL and isactive = TRUE Order by id asc LIMIT 4 for update) Update uniquecode u set buffered=now() From identifier where identifier.id = u.id - 4
2021-03-08 02:18:22,573 [22] INFO - [SerialCom] Db Select - SELECT uniquecode,id FROM uniquecode WHERE printed IS NULL AND buffered IS NOT NULL and isactive = TRUE ORDER BY ID asc - ABCDE123451327,ABCDE123451328,ABCDE123451329,ABCDE123451330,ABCDE123451331,ABCDE123451332,ABCDE123451333
2021-03-08 02:18:22,582 [22] INFO - [SerialCom] Db Selectid - SELECT id FROM uniquecode WHERE printed IS NULL AND buffered IS NOT NULL and isactive = TRUE ORDER BY id asc - 4520,4521,4522,4523,4524,4525,4526
2021-03-08 02:18:59,302 [1] INFO - [SerialCom] Result Update - UPDATE uniquecode SET buffered = NULL WHERE buffered IS NOT NULL and printed IS NULL and isactive = TRUE - 7
2021-03-08 02:19:02,204 [7] INFO - [SerialCom] Send To Printer : 0,JTSP,\r\n
2021-03-08 02:20:31,756 [1] INFO - [SerialCom] Port : COM1|Data Bits : 8|Parity : NONE|StopBits : 1|Flow Control : NONE
2021-03-08 02:20:34,459 [1] INFO - [SerialCom] Dbs Count :  - Select Count(*) FROM uniquecode WHERE PRINTED IS NULL and buffered IS NULL and isactive = TRUE - 812
2021-03-08 02:21:05,570 [7] INFO - [SerialCom] argumentOfworker : ECHO-0,ECHO
2021-03-08 02:21:06,444 [10] INFO - [SerialCom] Send To Printer : 0,PEEC,1, | Response : 0,PEEC,1,
2021-03-08 02:21:06,455 [10] INFO - [SerialCom] argumentOfworker : PEEC-0,PEEC,1,
2021-03-08 02:21:06,474 [1] INFO - [SerialCom] Result Update - With identifier AS (Select id from uniquecode where buffered is NULL and printed is NULL and isactive = TRUE Order by id asc LIMIT 4 for update) Update uniquecode u set buffered=now() From identifier where identifier.id = u.id - 4
2021-03-08 02:21:06,490 [1] INFO - [SerialCom] Db Select - SELECT uniquecode,id FROM uniquecode WHERE printed IS NULL AND buffered IS NOT NULL and isactive = TRUE ORDER BY ID asc - ABCDE123451327,ABCDE123451328,ABCDE123451329,ABCDE123451330
2021-03-08 02:21:06,500 [1] INFO - [SerialCom] Db Selectid - SELECT id FROM uniquecode WHERE printed IS NULL AND buffered IS NOT NULL and isactive = TRUE ORDER BY id asc - 4520,4521,4522,4523
2021-03-08 02:21:13,349 [7] INFO - [SerialCom] Send To Printer : 0,MSST,3, | Response : 0,FDOK,
2021-03-08 02:21:13,358 [7] INFO - [SerialCom] argumentOfworker : MSST-0,FDOK,
2021-03-08 02:21:16,494 [10] INFO - [SerialCom] Send To Printer : 0,SMFM,003,01,01,1,100,0000,2D_BAR,ABCDE123451327 | Response : 0,FDOK,
2021-03-08 02:21:16,503 [10] INFO - [SerialCom] argumentOfworker : SMFM-0,FDOK,
2021-03-08 02:21:19,723 [9] INFO - [SerialCom] Send To Printer : 0,JTST
2021-03-08 02:21:19,731 [9] INFO - [SerialCom] argumentOfworker : JTST-OK
2021-03-08 02:21:27,646 [8] INFO - [SerialCom] Result Update - UPDATE uniquecode SET printed = now() WHERE buffered IS NOT NULL and uniquecode = 'ABCDE123451327' - 1
2021-03-08 02:21:29,193 [10] INFO - [SerialCom] Send To Printer : 0,SMFM,003,01,01,1,100,0000,2D_BAR,ABCDE123451328 | Response : 0,FDOK,
2021-03-08 02:21:29,201 [10] INFO - [SerialCom] argumentOfworker : SMFM-ON-PRINT-0,FDOK,
2021-03-08 02:21:31,041 [10] INFO - [SerialCom] Result Update - UPDATE uniquecode SET printed = now() WHERE buffered IS NOT NULL and uniquecode = 'ABCDE123451328' - 1
2021-03-08 02:21:32,307 [9] INFO - [SerialCom] Send To Printer : 0,SMFM,003,01,01,1,100,0000,2D_BAR,ABCDE123451329 | Response : 0,FDOK,
2021-03-08 02:21:32,315 [9] INFO - [SerialCom] argumentOfworker : SMFM-ON-PRINT-0,FDOK,
2021-03-08 02:21:33,550 [10] INFO - [SerialCom] Result Update - UPDATE uniquecode SET printed = now() WHERE buffered IS NOT NULL and uniquecode = 'ABCDE123451329' - 1
2021-03-08 02:21:35,148 [9] INFO - [SerialCom] Send To Printer : 0,SMFM,003,01,01,1,100,0000,2D_BAR,ABCDE123451330 | Response : 0,FDOK,
2021-03-08 02:21:35,158 [9] INFO - [SerialCom] argumentOfworker : SMFM-ON-PRINT-0,FDOK,
2021-03-08 02:21:35,174 [8] INFO - [SerialCom] Result Update - With identifier AS (Select id from uniquecode where buffered is NULL and printed is NULL and isactive = TRUE Order by id asc LIMIT 4 for update) Update uniquecode u set buffered=now() From identifier where identifier.id = u.id - 4
2021-03-08 02:21:35,182 [8] INFO - [SerialCom] Db Select - SELECT uniquecode,id FROM uniquecode WHERE printed IS NULL AND buffered IS NOT NULL and isactive = TRUE ORDER BY ID asc - ABCDE123451330,ABCDE123451331,ABCDE123451332,ABCDE123451333,ABCDE123451334
2021-03-08 02:21:35,191 [8] INFO - [SerialCom] Db Selectid - SELECT id FROM uniquecode WHERE printed IS NULL AND buffered IS NOT NULL and isactive = TRUE ORDER BY id asc - 4523,4524,4525,4526,4527
2021-03-08 02:21:51,758 [1] INFO - [SerialCom] Result Update - UPDATE uniquecode SET buffered = NULL WHERE buffered IS NOT NULL and printed IS NULL and isactive = TRUE - 5
2021-03-08 02:21:53,685 [1] INFO - [SerialCom] Result Update - UPDATE uniquecode SET buffered = NULL WHERE buffered IS NOT NULL and printed IS NULL and isactive = TRUE - 0
2021-03-08 02:21:54,760 [7] INFO - [SerialCom] Send To Printer : 0,JTSP,\r\n
2021-03-08 02:21:56,432 [1] ERROR- [SerialCom] Printer Status :  - Connection Disconnected
2021-03-08 02:21:57,669 [1] INFO - [SerialCom] Port : COM1|Data Bits : 8|Parity : NONE|StopBits : 1|Flow Control : NONE
2021-03-08 02:21:58,638 [1] INFO - [SerialCom] Dbs Count :  - Select Count(*) FROM uniquecode WHERE PRINTED IS NULL and buffered IS NULL and isactive = TRUE - 809
2021-03-08 02:22:07,716 [7] INFO - [SerialCom] argumentOfworker : ECHO-0,ECHO
2021-03-08 02:22:09,412 [8] INFO - [SerialCom] Send To Printer : 0,PEEC,1, | Response : 0,PEEC,1,
2021-03-08 02:22:09,420 [8] INFO - [SerialCom] argumentOfworker : PEEC-0,PEEC,1,
2021-03-08 02:22:09,430 [1] INFO - [SerialCom] Result Update - With identifier AS (Select id from uniquecode where buffered is NULL and printed is NULL and isactive = TRUE Order by id asc LIMIT 4 for update) Update uniquecode u set buffered=now() From identifier where identifier.id = u.id - 4
2021-03-08 02:22:09,440 [1] INFO - [SerialCom] Db Select - SELECT uniquecode,id FROM uniquecode WHERE printed IS NULL AND buffered IS NOT NULL and isactive = TRUE ORDER BY ID asc - ABCDE123451330,ABCDE123451331,ABCDE123451332,ABCDE123451333
2021-03-08 02:22:09,448 [1] INFO - [SerialCom] Db Selectid - SELECT id FROM uniquecode WHERE printed IS NULL AND buffered IS NOT NULL and isactive = TRUE ORDER BY id asc - 4523,4524,4525,4526
2021-03-08 02:22:10,985 [16] INFO - [SerialCom] Send To Printer : 0,MSST,3, | Response : 0,FDOK,
2021-03-08 02:22:10,993 [16] INFO - [SerialCom] argumentOfworker : MSST-0,FDOK,
2021-03-08 02:22:14,876 [8] INFO - [SerialCom] Send To Printer : 0,SMFM,003,01,01,1,100,0000,2D_BAR,ABCDE123451330 | Response : 0,PEOK
2021-03-08 02:22:14,884 [8] INFO - [SerialCom] argumentOfworker : SMFM-0,PEOK
2021-03-08 02:22:17,911 [9] INFO - [SerialCom] Send To Printer : 0,JTST
2021-03-08 02:22:17,919 [9] INFO - [SerialCom] argumentOfworker : JTST-OK
2021-03-08 02:22:25,930 [8] INFO - [SerialCom] Result Update - UPDATE uniquecode SET printed = now() WHERE buffered IS NOT NULL and uniquecode = 'ABCDE123451330' - 1
2021-03-08 02:22:28,291 [7] INFO - [SerialCom] Send To Printer : 0,SMFM,003,01,01,1,100,0000,2D_BAR,ABCDE123451331 | Response : 0,
2021-03-08 02:22:28,301 [7] INFO - [SerialCom] argumentOfworker : SMFM-ON-PRINT-0,
2021-03-08 02:22:29,927 [1] INFO - [SerialCom] Result Update - UPDATE uniquecode SET buffered = NULL WHERE buffered IS NOT NULL and printed IS NULL and isactive = TRUE - 3
2021-03-08 02:22:30,878 [1] INFO - [SerialCom] Result Update - UPDATE uniquecode SET buffered = NULL WHERE buffered IS NOT NULL and printed IS NULL and isactive = TRUE - 0
2021-03-08 02:22:32,130 [1] ERROR- [SerialCom] SP Read (ERROR) : The port is closed.
2021-03-08 02:22:32,227 [1] ERROR- [SerialCom] SP Read (ERROR) : The port is closed.
2021-03-08 02:22:32,342 [1] ERROR- [SerialCom] SP Read (ERROR) : The port is closed.
2021-03-08 02:22:32,448 [1] ERROR- [SerialCom] SP Read (ERROR) : The port is closed.
2021-03-08 02:22:32,555 [1] ERROR- [SerialCom] SP Read (ERROR) : The port is closed.
2021-03-08 02:22:32,665 [1] ERROR- [SerialCom] SP Read (ERROR) : The port is closed.
2021-03-08 02:22:32,773 [1] ERROR- [SerialCom] SP Read (ERROR) : The port is closed.
2021-03-08 02:22:32,883 [1] ERROR- [SerialCom] SP Read (ERROR) : The port is closed.
2021-03-08 02:22:32,923 [7] INFO - [SerialCom] Send To Printer : 0,JTSP,\r\n
2021-03-08 02:22:32,994 [1] ERROR- [SerialCom] SP Read (ERROR) : The port is closed.
2021-03-08 02:22:33,454 [1] ERROR- [SerialCom] Printer Status :  - Connection Disconnected
2021-03-08 02:29:29,367 [1] INFO - [SerialCom] Port : COM1|Data Bits : 8|Parity : NONE|StopBits : 1|Flow Control : NONE
2021-03-08 02:29:32,441 [1] INFO - [SerialCom] Dbs Count :  - Select Count(*) FROM uniquecode WHERE PRINTED IS NULL and buffered IS NULL and isactive = TRUE - 808
2021-03-08 02:29:45,986 [7] INFO - [SerialCom] argumentOfworker : ECHO-0,ECHO
2021-03-08 02:29:47,514 [8] INFO - [SerialCom] Send To Printer : 0,PEEC,1, | Response : 0,PEEC,1,
2021-03-08 02:29:47,521 [8] INFO - [SerialCom] argumentOfworker : PEEC-0,PEEC,1,
2021-03-08 02:29:47,541 [1] INFO - [SerialCom] Result Update - With identifier AS (Select id from uniquecode where buffered is NULL and printed is NULL and isactive = TRUE Order by id asc LIMIT 4 for update) Update uniquecode u set buffered=now() From identifier where identifier.id = u.id - 4
2021-03-08 02:29:47,564 [1] INFO - [SerialCom] Db Select - SELECT uniquecode,id FROM uniquecode WHERE printed IS NULL AND buffered IS NOT NULL and isactive = TRUE ORDER BY ID asc - ABCDE123451331,ABCDE123451332,ABCDE123451333,ABCDE123451334
2021-03-08 02:29:47,580 [1] INFO - [SerialCom] Db Selectid - SELECT id FROM uniquecode WHERE printed IS NULL AND buffered IS NOT NULL and isactive = TRUE ORDER BY id asc - 4524,4525,4526,4527
2021-03-08 02:29:49,170 [10] INFO - [SerialCom] Send To Printer : 0,MSST,3, | Response : 0,FDOK,
2021-03-08 02:29:49,178 [10] INFO - [SerialCom] argumentOfworker : MSST-0,FDOK,
2021-03-08 02:29:50,438 [7] ERROR- [SerialCom] BackgroundWorker1_DoWork() - Cross-thread operation not valid: Control 'TextBox7' accessed from a thread other than the thread it was created on.
2021-03-08 02:29:53,459 [8] INFO - [SerialCom] Send To Printer : 0,JTST
2021-03-08 02:29:53,466 [8] INFO - [SerialCom] argumentOfworker : JTST-OK
2021-03-08 02:30:04,069 [8] INFO - [SerialCom] Result Update - UPDATE uniquecode SET printed = now() WHERE buffered IS NOT NULL and uniquecode = 'ABCDE123451331' - 1
2021-03-08 02:30:04,088 [11] ERROR- [SerialCom] BackgroundWorker1_DoWork() - Cross-thread operation not valid: Control 'TextBox7' accessed from a thread other than the thread it was created on.
2021-03-08 02:30:09,100 [10] INFO - [SerialCom] Result Update - UPDATE uniquecode SET printed = now() WHERE buffered IS NOT NULL and uniquecode = 'ABCDE123451332' - 1
2021-03-08 02:30:09,135 [11] ERROR- [SerialCom] BackgroundWorker1_DoWork() - Cross-thread operation not valid: Control 'TextBox7' accessed from a thread other than the thread it was created on.
2021-03-08 02:30:11,685 [1] INFO - [SerialCom] Result Update - UPDATE uniquecode SET buffered = NULL WHERE buffered IS NOT NULL and printed IS NULL and isactive = TRUE - 2
2021-03-08 02:30:12,694 [1] INFO - [SerialCom] Result Update - UPDATE uniquecode SET buffered = NULL WHERE buffered IS NOT NULL and printed IS NULL and isactive = TRUE - 0
2021-03-08 02:30:14,685 [7] INFO - [SerialCom] Send To Printer : 0,JTSP,\r\n
2021-03-08 02:32:25,315 [1] INFO - [SerialCom] Port : COM1|Data Bits : 8|Parity : NONE|StopBits : 1|Flow Control : NONE
2021-03-08 02:32:28,250 [1] INFO - [SerialCom] Dbs Count :  - Select Count(*) FROM uniquecode WHERE PRINTED IS NULL and buffered IS NULL and isactive = TRUE - 806
2021-03-08 02:32:46,050 [7] INFO - [SerialCom] argumentOfworker : ECHO-0,ECHO
2021-03-08 02:32:47,118 [10] INFO - [SerialCom] Send To Printer : 0,PEEC,1, | Response : 0,PEEC,1,
2021-03-08 02:32:47,127 [10] INFO - [SerialCom] argumentOfworker : PEEC-0,PEEC,1,
2021-03-08 02:32:47,144 [1] INFO - [SerialCom] Result Update - With identifier AS (Select id from uniquecode where buffered is NULL and printed is NULL and isactive = TRUE Order by id asc LIMIT 4 for update) Update uniquecode u set buffered=now() From identifier where identifier.id = u.id - 4
2021-03-08 02:32:47,163 [1] INFO - [SerialCom] Db Select - SELECT uniquecode,id FROM uniquecode WHERE printed IS NULL AND buffered IS NOT NULL and isactive = TRUE ORDER BY ID asc - ABCDE123451333,ABCDE123451334,ABCDE123451335,ABCDE123451336
2021-03-08 02:32:47,175 [1] INFO - [SerialCom] Db Selectid - SELECT id FROM uniquecode WHERE printed IS NULL AND buffered IS NOT NULL and isactive = TRUE ORDER BY id asc - 4526,4527,4528,4529
2021-03-08 02:32:48,887 [8] INFO - [SerialCom] Send To Printer : 0,MSST,3, | Response : 0,FDOK,
2021-03-08 02:32:48,898 [8] INFO - [SerialCom] argumentOfworker : MSST-0,FDOK,
2021-03-08 02:32:55,592 [7] INFO - [SerialCom] Send To Printer : 0,SMFM,003,01,01,1,100,0000,2D_BAR,ABCDE123451333 | Response : 0,FDOK,
2021-03-08 02:32:55,603 [7] INFO - [SerialCom] argumentOfworker : SMFM-0,FDOK,
2021-03-08 02:32:58,800 [9] INFO - [SerialCom] Send To Printer : 0,JTST
2021-03-08 02:32:58,807 [9] INFO - [SerialCom] argumentOfworker : JTST-OK
2021-03-08 02:33:01,033 [10] INFO - [SerialCom] Result Update - UPDATE uniquecode SET printed = now() WHERE buffered IS NOT NULL and uniquecode = 'ABCDE123451333' - 1
2021-03-08 02:33:04,734 [9] INFO - [SerialCom] Send To Printer : 0,SMFM,003,01,01,1,100,0000,2D_BAR,ABCDE123451334 | Response : 0,FDOK,
2021-03-08 02:33:04,743 [9] INFO - [SerialCom] argumentOfworker : SMFM-ON-PRINT-0,FDOK,
2021-03-08 02:33:09,026 [7] INFO - [SerialCom] Result Update - UPDATE uniquecode SET printed = now() WHERE buffered IS NOT NULL and uniquecode = 'ABCDE123451334' - 1
2021-03-08 02:33:12,550 [10] INFO - [SerialCom] Send To Printer : 0,SMFM,003,01,01,1,100,0000,2D_BAR,ABCDE123451335 | Response : 0,FDOK,
2021-03-08 02:33:12,558 [10] INFO - [SerialCom] argumentOfworker : SMFM-ON-PRINT-0,FDOK,
2021-03-08 02:33:14,401 [10] INFO - [SerialCom] Result Update - UPDATE uniquecode SET printed = now() WHERE buffered IS NOT NULL and uniquecode = 'ABCDE123451335' - 1
2021-03-08 02:33:15,943 [9] INFO - [SerialCom] Send To Printer : 0,SMFM,003,01,01,1,100,0000,2D_BAR,ABCDE123451336 | Response : 0,FDOK,
2021-03-08 02:33:15,954 [9] INFO - [SerialCom] argumentOfworker : SMFM-ON-PRINT-0,FDOK,
2021-03-08 02:33:15,967 [9] INFO - [SerialCom] Result Update - With identifier AS (Select id from uniquecode where buffered is NULL and printed is NULL and isactive = TRUE Order by id asc LIMIT 4 for update) Update uniquecode u set buffered=now() From identifier where identifier.id = u.id - 4
2021-03-08 02:33:15,976 [9] INFO - [SerialCom] Db Select - SELECT uniquecode,id FROM uniquecode WHERE printed IS NULL AND buffered IS NOT NULL and isactive = TRUE ORDER BY ID asc - ABCDE123451336,ABCDE123451337,ABCDE123451338,ABCDE123451339,ABCDE123451340
2021-03-08 02:33:15,983 [9] INFO - [SerialCom] Db Selectid - SELECT id FROM uniquecode WHERE printed IS NULL AND buffered IS NOT NULL and isactive = TRUE ORDER BY id asc - 4529,4530,4531,4532,4533
2021-03-08 02:33:31,269 [8] INFO - [SerialCom] Result Update - UPDATE uniquecode SET printed = now() WHERE buffered IS NOT NULL and uniquecode = 'ABCDE123451336' - 1
2021-03-08 02:33:32,949 [7] INFO - [SerialCom] Send To Printer : 0,SMFM,003,01,01,1,100,0000,2D_BAR,ABCDE123451337 | Response : 0,FDOK,
2021-03-08 02:33:32,960 [7] INFO - [SerialCom] argumentOfworker : SMFM-ON-PRINT-0,FDOK,
2021-03-08 02:33:35,204 [10] INFO - [SerialCom] Result Update - UPDATE uniquecode SET printed = now() WHERE buffered IS NOT NULL and uniquecode = 'ABCDE123451337' - 1
2021-03-08 02:33:37,486 [9] INFO - [SerialCom] Send To Printer : 0,SMFM,003,01,01,1,100,0000,2D_BAR,ABCDE123451338 | Response : 0,FDOK,
2021-03-08 02:33:37,494 [9] INFO - [SerialCom] argumentOfworker : SMFM-ON-PRINT-0,FDOK,
2021-03-08 02:33:40,781 [10] INFO - [SerialCom] Result Update - UPDATE uniquecode SET printed = now() WHERE buffered IS NOT NULL and uniquecode = 'ABCDE123451338' - 1
2021-03-08 02:33:42,623 [9] INFO - [SerialCom] Send To Printer : 0,SMFM,003,01,01,1,100,0000,2D_BAR,ABCDE123451339 | Response : 0,
2021-03-08 02:33:42,634 [9] INFO - [SerialCom] argumentOfworker : SMFM-ON-PRINT-0,
2021-03-08 02:33:42,648 [11] INFO - [SerialCom] Result Update - With identifier AS (Select id from uniquecode where buffered is NULL and printed is NULL and isactive = TRUE Order by id asc LIMIT 4 for update) Update uniquecode u set buffered=now() From identifier where identifier.id = u.id - 4
2021-03-08 02:33:42,658 [11] INFO - [SerialCom] Db Select - SELECT uniquecode,id FROM uniquecode WHERE printed IS NULL AND buffered IS NOT NULL and isactive = TRUE ORDER BY ID asc - ABCDE123451339,ABCDE123451340,ABCDE123451341,ABCDE123451342,ABCDE123451343,ABCDE123451344
2021-03-08 02:33:42,667 [11] INFO - [SerialCom] Db Selectid - SELECT id FROM uniquecode WHERE printed IS NULL AND buffered IS NOT NULL and isactive = TRUE ORDER BY id asc - 4532,4533,4534,4535,4536,4537
2021-03-08 02:33:55,443 [11] INFO - [SerialCom] Result Update - UPDATE uniquecode SET printed = now() WHERE buffered IS NOT NULL and uniquecode = 'ABCDE123451339' - 1
2021-03-08 02:33:56,918 [10] INFO - [SerialCom] Send To Printer : 0,SMFM,003,01,01,1,100,0000,2D_BAR,ABCDE123451340 | Response : 0,FDOK,
2021-03-08 02:33:56,925 [10] INFO - [SerialCom] argumentOfworker : SMFM-ON-PRINT-0,FDOK,
2021-03-08 02:33:58,728 [7] INFO - [SerialCom] Result Update - UPDATE uniquecode SET printed = now() WHERE buffered IS NOT NULL and uniquecode = 'ABCDE123451340' - 1
2021-03-08 02:34:00,327 [11] INFO - [SerialCom] Send To Printer : 0,SMFM,003,01,01,1,100,0000,2D_BAR,ABCDE123451341 | Response : 0,F
2021-03-08 02:34:00,335 [11] INFO - [SerialCom] argumentOfworker : SMFM-ON-PRINT-0,F
2021-03-08 02:34:02,222 [11] INFO - [SerialCom] Result Update - UPDATE uniquecode SET printed = now() WHERE buffered IS NOT NULL and uniquecode = 'ABCDE123451341' - 1
2021-03-08 02:34:04,655 [7] INFO - [SerialCom] Send To Printer : 0,SMFM,003,01,01,1,100,0000,2D_BAR,ABCDE123451342 | Response : 0,FDOK,
2021-03-08 02:34:04,667 [7] INFO - [SerialCom] argumentOfworker : SMFM-ON-PRINT-0,FDOK,
2021-03-08 02:34:04,679 [10] INFO - [SerialCom] Result Update - With identifier AS (Select id from uniquecode where buffered is NULL and printed is NULL and isactive = TRUE Order by id asc LIMIT 4 for update) Update uniquecode u set buffered=now() From identifier where identifier.id = u.id - 4
2021-03-08 02:34:04,690 [10] INFO - [SerialCom] Db Select - SELECT uniquecode,id FROM uniquecode WHERE printed IS NULL AND buffered IS NOT NULL and isactive = TRUE ORDER BY ID asc - ABCDE123451342,ABCDE123451343,ABCDE123451344,ABCDE123451345,ABCDE123451346,ABCDE123451347,ABCDE123451348
2021-03-08 02:34:04,699 [10] INFO - [SerialCom] Db Selectid - SELECT id FROM uniquecode WHERE printed IS NULL AND buffered IS NOT NULL and isactive = TRUE ORDER BY id asc - 4535,4536,4537,4538,4539,4540,4541
2021-03-08 02:38:16,733 [1] INFO - [SerialCom] Port : COM1|Data Bits : 8|Parity : NONE|StopBits : 1|Flow Control : NONE
2021-03-08 02:38:19,417 [1] INFO - [SerialCom] Dbs Count :  - Select Count(*) FROM uniquecode WHERE PRINTED IS NULL and buffered IS NULL and isactive = TRUE - 790
2021-03-08 02:38:37,526 [7] INFO - [SerialCom] argumentOfworker : ECHO-0,ECHO
2021-03-08 02:38:38,452 [9] INFO - [SerialCom] Send To Printer : 0,PEEC,1, | Response : 0,PEEC,1,
2021-03-08 02:38:38,459 [9] INFO - [SerialCom] argumentOfworker : PEEC-0,PEEC,1,
2021-03-08 02:38:38,478 [1] INFO - [SerialCom] Result Update - With identifier AS (Select id from uniquecode where buffered is NULL and printed is NULL and isactive = TRUE Order by id asc LIMIT 4 for update) Update uniquecode u set buffered=now() From identifier where identifier.id = u.id - 4
2021-03-08 02:38:38,494 [1] INFO - [SerialCom] Db Select - SELECT uniquecode,id FROM uniquecode WHERE printed IS NULL AND buffered IS NOT NULL and isactive = TRUE ORDER BY ID asc - ABCDE123451342,ABCDE123451343,ABCDE123451344,ABCDE123451345,ABCDE123451346,ABCDE123451347,ABCDE123451348,ABCDE123451349,ABCDE123451350,ABCDE123451351,ABCDE123451352
2021-03-08 02:38:38,503 [1] INFO - [SerialCom] Db Selectid - SELECT id FROM uniquecode WHERE printed IS NULL AND buffered IS NOT NULL and isactive = TRUE ORDER BY id asc - 4535,4536,4537,4538,4539,4540,4541,4542,4543,4544,4545
2021-03-08 02:38:39,725 [10] INFO - [SerialCom] Send To Printer : 0,MSST,3, | Response : 0,FDOK,
2021-03-08 02:38:39,733 [10] INFO - [SerialCom] argumentOfworker : MSST-0,FDOK,
2021-03-08 02:38:42,166 [7] INFO - [SerialCom] Send To Printer : 0,SMFM,003,01,01,1,100,0000,2D_BAR,ABCDE123451342 | Response : 0,FDOK,
2021-03-08 02:38:42,174 [7] INFO - [SerialCom] argumentOfworker : SMFM-0,FDOK,
2021-03-08 02:38:45,389 [9] INFO - [SerialCom] Send To Printer : 0,JTST
2021-03-08 02:38:45,396 [9] INFO - [SerialCom] argumentOfworker : JTST-OK
2021-03-08 02:38:48,038 [10] INFO - [SerialCom] Result Update - UPDATE uniquecode SET printed = now() WHERE buffered IS NOT NULL and uniquecode = 'ABCDE123451342' - 1
2021-03-08 02:38:50,085 [9] INFO - [SerialCom] Send To Printer : 0,SMFM,003,01,01,1,100,0000,2D_BAR,ABCDE123451343 | Response : 0,FDOK,
2021-03-08 02:38:50,098 [9] INFO - [SerialCom] argumentOfworker : SMFM-ON-PRINT-0,FDOK,
2021-03-08 02:38:53,409 [7] INFO - [SerialCom] Result Update - UPDATE uniquecode SET printed = now() WHERE buffered IS NOT NULL and uniquecode = 'ABCDE123451343' - 1
2021-03-08 02:38:54,532 [10] INFO - [SerialCom] Send To Printer : 0,SMFM,003,01,01,1,100,0000,2D_BAR,ABCDE123451344 | Response : 0,FDOK,
2021-03-08 02:38:54,539 [10] INFO - [SerialCom] argumentOfworker : SMFM-ON-PRINT-0,FDOK,
2021-03-08 02:38:55,927 [10] INFO - [SerialCom] Result Update - UPDATE uniquecode SET printed = now() WHERE buffered IS NOT NULL and uniquecode = 'ABCDE123451344' - 1
2021-03-08 02:38:56,803 [9] INFO - [SerialCom] Send To Printer : 0,SMFM,003,01,01,1,100,0000,2D_BAR,ABCDE123451345 | Response : 0,F
2021-03-08 02:38:56,810 [9] INFO - [SerialCom] argumentOfworker : SMFM-ON-PRINT-0,F
2021-03-08 02:38:56,821 [7] INFO - [SerialCom] Result Update - With identifier AS (Select id from uniquecode where buffered is NULL and printed is NULL and isactive = TRUE Order by id asc LIMIT 4 for update) Update uniquecode u set buffered=now() From identifier where identifier.id = u.id - 4
2021-03-08 02:38:56,830 [7] INFO - [SerialCom] Db Select - SELECT uniquecode,id FROM uniquecode WHERE printed IS NULL AND buffered IS NOT NULL and isactive = TRUE ORDER BY ID asc - ABCDE123451345,ABCDE123451346,ABCDE123451347,ABCDE123451348,ABCDE123451349,ABCDE123451350,ABCDE123451351,ABCDE123451352,ABCDE123451353,ABCDE123451354,ABCDE123451355,ABCDE123451356
2021-03-08 02:38:56,838 [7] INFO - [SerialCom] Db Selectid - SELECT id FROM uniquecode WHERE printed IS NULL AND buffered IS NOT NULL and isactive = TRUE ORDER BY id asc - 4538,4539,4540,4541,4542,4543,4544,4545,4546,4547,4548,4549
2021-03-08 02:39:03,149 [1] INFO - [SerialCom] Result Update - UPDATE uniquecode SET buffered = NULL WHERE buffered IS NOT NULL and printed IS NULL and isactive = TRUE - 12
2021-03-08 02:39:04,909 [1] INFO - [SerialCom] Result Update - UPDATE uniquecode SET buffered = NULL WHERE buffered IS NOT NULL and printed IS NULL and isactive = TRUE - 0
2021-03-08 02:39:06,155 [7] INFO - [SerialCom] Send To Printer : 0,JTSP,\r\n
2021-03-08 02:39:52,495 [1] INFO - [SerialCom] Port : COM1|Data Bits : 8|Parity : NONE|StopBits : 1|Flow Control : NONE
2021-03-08 02:39:55,589 [1] INFO - [SerialCom] Dbs Count :  - Select Count(*) FROM uniquecode WHERE PRINTED IS NULL and buffered IS NULL and isactive = TRUE - 794
2021-03-08 02:40:04,423 [7] INFO - [SerialCom] argumentOfworker : ECHO-0,ECHO
2021-03-08 02:40:05,282 [10] INFO - [SerialCom] Send To Printer : 0,PEEC,1, | Response : 0,PEEC,1,
2021-03-08 02:40:05,295 [10] INFO - [SerialCom] argumentOfworker : PEEC-0,PEEC,1,
2021-03-08 02:40:05,314 [1] INFO - [SerialCom] Result Update - With identifier AS (Select id from uniquecode where buffered is NULL and printed is NULL and isactive = TRUE Order by id asc LIMIT 4 for update) Update uniquecode u set buffered=now() From identifier where identifier.id = u.id - 4
2021-03-08 02:40:05,331 [1] INFO - [SerialCom] Db Select - SELECT uniquecode,id FROM uniquecode WHERE printed IS NULL AND buffered IS NOT NULL and isactive = TRUE ORDER BY ID asc - ABCDE123451345,ABCDE123451346,ABCDE123451347,ABCDE123451348
2021-03-08 02:40:05,341 [1] INFO - [SerialCom] Db Selectid - SELECT id FROM uniquecode WHERE printed IS NULL AND buffered IS NOT NULL and isactive = TRUE ORDER BY id asc - 4538,4539,4540,4541
2021-03-08 02:40:05,955 [9] INFO - [SerialCom] Send To Printer : 0,MSST,3, | Response : 0,FDOK,
2021-03-08 02:40:05,963 [9] INFO - [SerialCom] argumentOfworker : MSST-0,FDOK,
2021-03-08 02:40:08,295 [7] INFO - [SerialCom] Send To Printer : 0,SMFM,003,01,01,1,100,0000,2D_BAR,ABCDE123451345 | Response : 0,FDOK,
2021-03-08 02:40:08,303 [7] INFO - [SerialCom] argumentOfworker : SMFM-0,FDOK,
2021-03-08 02:40:11,514 [10] INFO - [SerialCom] Send To Printer : 0,JTST
2021-03-08 02:40:11,521 [10] INFO - [SerialCom] argumentOfworker : JTST-OK
2021-03-08 02:40:11,938 [8] INFO - [SerialCom] Result Update - UPDATE uniquecode SET printed = now() WHERE buffered IS NOT NULL and uniquecode = 'ABCDE123451345' - 1
2021-03-08 02:40:14,259 [7] INFO - [SerialCom] Send To Printer : 0,SMFM,003,01,01,1,100,0000,2D_BAR,ABCDE123451346 | Response : 0,FDOK,
2021-03-08 02:40:14,267 [7] INFO - [SerialCom] argumentOfworker : SMFM-ON-PRINT-0,FDOK,
2021-03-08 02:40:22,109 [8] INFO - [SerialCom] Result Update - UPDATE uniquecode SET printed = now() WHERE buffered IS NOT NULL and uniquecode = 'ABCDE123451346' - 1
2021-03-08 02:40:24,047 [10] INFO - [SerialCom] Send To Printer : 0,SMFM,003,01,01,1,100,0000,2D_BAR,ABCDE123451347 | Response : 0,FDOK,
2021-03-08 02:40:24,054 [10] INFO - [SerialCom] argumentOfworker : SMFM-ON-PRINT-0,FDOK,
2021-03-08 02:40:30,789 [9] INFO - [SerialCom] Result Update - UPDATE uniquecode SET printed = now() WHERE buffered IS NOT NULL and uniquecode = 'ABCDE123451347' - 1
2021-03-08 02:40:32,738 [10] INFO - [SerialCom] Send To Printer : 0,SMFM,003,01,01,1,100,0000,2D_BAR,ABCDE123451348 | Response : 0,FDOK,
2021-03-08 02:40:32,748 [10] INFO - [SerialCom] argumentOfworker : SMFM-ON-PRINT-0,FDOK,
2021-03-08 02:40:32,759 [10] INFO - [SerialCom] Result Update - With identifier AS (Select id from uniquecode where buffered is NULL and printed is NULL and isactive = TRUE Order by id asc LIMIT 4 for update) Update uniquecode u set buffered=now() From identifier where identifier.id = u.id - 4
2021-03-08 02:40:32,771 [10] INFO - [SerialCom] Db Select - SELECT uniquecode,id FROM uniquecode WHERE printed IS NULL AND buffered IS NOT NULL and isactive = TRUE ORDER BY ID asc - ABCDE123451348,ABCDE123451349,ABCDE123451350,ABCDE123451351,ABCDE123451352
2021-03-08 02:40:32,781 [10] INFO - [SerialCom] Db Selectid - SELECT id FROM uniquecode WHERE printed IS NULL AND buffered IS NOT NULL and isactive = TRUE ORDER BY id asc - 4541,4542,4543,4544,4545
2021-03-08 02:40:45,126 [10] INFO - [SerialCom] Result Update - UPDATE uniquecode SET printed = now() WHERE buffered IS NOT NULL and uniquecode = 'ABCDE123451348' - 1
2021-03-08 02:40:46,579 [9] INFO - [SerialCom] Send To Printer : 0,SMFM,003,01,01,1,100,0000,2D_BAR,ABCDE123451349 | Response : 0,FDOK,
2021-03-08 02:40:46,587 [9] INFO - [SerialCom] argumentOfworker : SMFM-ON-PRINT-0,FDOK,
2021-03-08 02:41:00,326 [10] INFO - [SerialCom] Result Update - UPDATE uniquecode SET printed = now() WHERE buffered IS NOT NULL and uniquecode = 'ABCDE123451349' - 1
2021-03-08 02:41:03,682 [9] INFO - [SerialCom] Send To Printer : 0,SMFM,003,01,01,1,100,0000,2D_BAR,ABCDE123451350 | Response : 0,FDOK,\
2021-03-08 02:41:03,690 [9] INFO - [SerialCom] argumentOfworker : SMFM-ON-PRINT-0,FDOK,\
2021-03-08 02:41:06,250 [10] INFO - [SerialCom] Result Update - UPDATE uniquecode SET printed = now() WHERE buffered IS NOT NULL and uniquecode = 'ABCDE123451350' - 1
2021-03-08 02:41:08,491 [7] INFO - [SerialCom] Send To Printer : 0,SMFM,003,01,01,1,100,0000,2D_BAR,ABCDE123451351 | Response : 0,FDOK,
2021-03-08 02:41:08,499 [7] INFO - [SerialCom] argumentOfworker : SMFM-ON-PRINT-0,FDOK,
2021-03-08 02:41:08,511 [9] INFO - [SerialCom] Result Update - With identifier AS (Select id from uniquecode where buffered is NULL and printed is NULL and isactive = TRUE Order by id asc LIMIT 4 for update) Update uniquecode u set buffered=now() From identifier where identifier.id = u.id - 4
2021-03-08 02:41:08,520 [9] INFO - [SerialCom] Db Select - SELECT uniquecode,id FROM uniquecode WHERE printed IS NULL AND buffered IS NOT NULL and isactive = TRUE ORDER BY ID asc - ABCDE123451351,ABCDE123451352,ABCDE123451353,ABCDE123451354,ABCDE123451355,ABCDE123451356
2021-03-08 02:41:08,528 [9] INFO - [SerialCom] Db Selectid - SELECT id FROM uniquecode WHERE printed IS NULL AND buffered IS NOT NULL and isactive = TRUE ORDER BY id asc - 4544,4545,4546,4547,4548,4549
2021-03-08 02:41:25,644 [8] INFO - [SerialCom] Result Update - UPDATE uniquecode SET printed = now() WHERE buffered IS NOT NULL and uniquecode = 'ABCDE123451351' - 1
2021-03-08 02:41:28,728 [7] INFO - [SerialCom] Send To Printer : 0,SMFM,003,01,01,1,100,0000,2D_BAR,ABCDE123451352 | Response : 0,FDOK,
2021-03-08 02:41:28,736 [7] INFO - [SerialCom] argumentOfworker : SMFM-ON-PRINT-0,FDOK,
2021-03-08 02:41:32,536 [10] INFO - [SerialCom] Result Update - UPDATE uniquecode SET printed = now() WHERE buffered IS NOT NULL and uniquecode = 'ABCDE123451352' - 1
2021-03-08 02:41:37,385 [9] INFO - [SerialCom] Send To Printer : 0,SMFM,003,01,01,1,100,0000,2D_BAR,ABCDE123451353 | Response : 0,FDOK,
2021-03-08 02:41:37,393 [9] INFO - [SerialCom] argumentOfworker : SMFM-ON-PRINT-0,FDOK,
2021-03-08 02:41:42,190 [10] INFO - [SerialCom] Result Update - UPDATE uniquecode SET printed = now() WHERE buffered IS NOT NULL and uniquecode = 'ABCDE123451353' - 1
2021-03-08 02:41:45,491 [9] INFO - [SerialCom] Send To Printer : 0,SMFM,003,01,01,1,100,0000,2D_BAR,ABCDE123451354 | Response : 0,FDOK,
2021-03-08 02:41:45,499 [9] INFO - [SerialCom] argumentOfworker : SMFM-ON-PRINT-0,FDOK,
2021-03-08 02:41:45,510 [10] INFO - [SerialCom] Result Update - With identifier AS (Select id from uniquecode where buffered is NULL and printed is NULL and isactive = TRUE Order by id asc LIMIT 4 for update) Update uniquecode u set buffered=now() From identifier where identifier.id = u.id - 4
2021-03-08 02:41:45,519 [10] INFO - [SerialCom] Db Select - SELECT uniquecode,id FROM uniquecode WHERE printed IS NULL AND buffered IS NOT NULL and isactive = TRUE ORDER BY ID asc - ABCDE123451354,ABCDE123451355,ABCDE123451356,ABCDE123451357,ABCDE123451358,ABCDE123451359,ABCDE123451360
2021-03-08 02:41:45,527 [10] INFO - [SerialCom] Db Selectid - SELECT id FROM uniquecode WHERE printed IS NULL AND buffered IS NOT NULL and isactive = TRUE ORDER BY id asc - 4547,4548,4549,4550,4551,4552,4553
2021-03-08 02:42:26,913 [1] INFO - [SerialCom] Result Update - UPDATE uniquecode SET buffered = NULL WHERE buffered IS NOT NULL and printed IS NULL and isactive = TRUE - 7
2021-03-08 02:42:27,958 [1] INFO - [SerialCom] Result Update - UPDATE uniquecode SET buffered = NULL WHERE buffered IS NOT NULL and printed IS NULL and isactive = TRUE - 0
2021-03-08 02:42:29,917 [7] INFO - [SerialCom] Send To Printer : 0,JTSP,\r\n
2021-03-08 02:43:08,687 [1] INFO - [SerialCom] Port : COM1|Data Bits : 8|Parity : NONE|StopBits : 1|Flow Control : NONE
2021-03-08 02:43:11,818 [1] INFO - [SerialCom] Dbs Count :  - Select Count(*) FROM uniquecode WHERE PRINTED IS NULL and buffered IS NULL and isactive = TRUE - 785
2021-03-08 02:43:46,487 [7] INFO - [SerialCom] argumentOfworker : ECHO-0,ECHO
2021-03-08 02:43:47,145 [8] INFO - [SerialCom] Send To Printer : 0,PEEC,1, | Response : 0,PEEC,1,
2021-03-08 02:43:47,153 [8] INFO - [SerialCom] argumentOfworker : PEEC-0,PEEC,1,
2021-03-08 02:43:47,171 [1] INFO - [SerialCom] Result Update - With identifier AS (Select id from uniquecode where buffered is NULL and printed is NULL and isactive = TRUE Order by id asc LIMIT 4 for update) Update uniquecode u set buffered=now() From identifier where identifier.id = u.id - 4
2021-03-08 02:43:47,191 [1] INFO - [SerialCom] Db Select - SELECT uniquecode,id FROM uniquecode WHERE printed IS NULL AND buffered IS NOT NULL and isactive = TRUE ORDER BY ID asc - ABCDE123451354,ABCDE123451355,ABCDE123451356,ABCDE123451357
2021-03-08 02:43:47,200 [1] INFO - [SerialCom] Db Selectid - SELECT id FROM uniquecode WHERE printed IS NULL AND buffered IS NOT NULL and isactive = TRUE ORDER BY id asc - 4547,4548,4549,4550
2021-03-08 02:43:48,396 [11] INFO - [SerialCom] Send To Printer : 0,MSST,3, | Response : 0,FDOK,
2021-03-08 02:43:48,406 [11] INFO - [SerialCom] argumentOfworker : MSST-0,FDOK,
2021-03-08 02:43:56,067 [7] INFO - [SerialCom] Send To Printer : 0,SMFM,003,01,01,1,100,0000,2D_BAR,ABCDE123451354 | Response : 0,FDOK,\
2021-03-08 02:43:56,079 [7] INFO - [SerialCom] argumentOfworker : SMFM-0,FDOK,\
2021-03-08 02:43:59,286 [8] INFO - [SerialCom] Send To Printer : 0,JTST
2021-03-08 02:43:59,293 [8] INFO - [SerialCom] argumentOfworker : JTST-OK
2021-03-08 02:44:01,083 [8] INFO - [SerialCom] Result Update - UPDATE uniquecode SET printed = now() WHERE buffered IS NOT NULL and uniquecode = 'ABCDE123451354' - 1
2021-03-08 02:44:02,793 [11] INFO - [SerialCom] Send To Printer : 0,SMFM,003,01,01,1,100,0000,2D_BAR,ABCDE123451355 | Response : 0,FDOK,
2021-03-08 02:44:02,801 [11] INFO - [SerialCom] argumentOfworker : SMFM-ON-PRINT-0,FDOK,
2021-03-08 02:44:06,253 [11] INFO - [SerialCom] Result Update - UPDATE uniquecode SET printed = now() WHERE buffered IS NOT NULL and uniquecode = 'ABCDE123451355' - 1
2021-03-08 02:44:08,499 [10] INFO - [SerialCom] Send To Printer : 0,SMFM,003,01,01,1,100,0000,2D_BAR,ABCDE123451356 | Response : 0,FDOK,
2021-03-08 02:44:08,507 [10] INFO - [SerialCom] argumentOfworker : SMFM-ON-PRINT-0,FDOK,
2021-03-08 02:44:10,214 [7] INFO - [SerialCom] Result Update - UPDATE uniquecode SET printed = now() WHERE buffered IS NOT NULL and uniquecode = 'ABCDE123451356' - 1
2021-03-08 02:44:11,170 [11] INFO - [SerialCom] Send To Printer : 0,SMFM,003,01,01,1,100,0000,2D_BAR,ABCDE123451357 | Response : 0,F
2021-03-08 02:44:11,177 [11] INFO - [SerialCom] argumentOfworker : SMFM-ON-PRINT-0,F
2021-03-08 02:44:11,195 [8] INFO - [SerialCom] Result Update - With identifier AS (Select id from uniquecode where buffered is NULL and printed is NULL and isactive = TRUE Order by id asc LIMIT 4 for update) Update uniquecode u set buffered=now() From identifier where identifier.id = u.id - 4
2021-03-08 02:44:11,205 [8] INFO - [SerialCom] Db Select - SELECT uniquecode,id FROM uniquecode WHERE printed IS NULL AND buffered IS NOT NULL and isactive = TRUE ORDER BY ID asc - ABCDE123451357,ABCDE123451358,ABCDE123451359,ABCDE123451360,ABCDE123451361
2021-03-08 02:44:11,215 [8] INFO - [SerialCom] Db Selectid - SELECT id FROM uniquecode WHERE printed IS NULL AND buffered IS NOT NULL and isactive = TRUE ORDER BY id asc - 4550,4551,4552,4553,4554
2021-03-08 02:44:12,624 [8] INFO - [SerialCom] Result Update - UPDATE uniquecode SET printed = now() WHERE buffered IS NOT NULL and uniquecode = 'ABCDE123451357' - 1
2021-03-08 02:44:13,722 [7] INFO - [SerialCom] Send To Printer : 0,SMFM,003,01,01,1,100,0000,2D_BAR,ABCDE123451358 | Response : 0,FDOK,
2021-03-08 02:44:13,730 [7] INFO - [SerialCom] argumentOfworker : SMFM-ON-PRINT-0,FDOK,
2021-03-08 02:44:15,251 [11] INFO - [SerialCom] Result Update - UPDATE uniquecode SET printed = now() WHERE buffered IS NOT NULL and uniquecode = 'ABCDE123451358' - 1
2021-03-08 02:44:16,162 [10] INFO - [SerialCom] Send To Printer : 0,SMFM,003,01,01,1,100,0000,2D_BAR,ABCDE123451359 | Response : 0,FDOK,
2021-03-08 02:44:16,171 [10] INFO - [SerialCom] argumentOfworker : SMFM-ON-PRINT-0,FDOK,
2021-03-08 02:44:17,658 [11] INFO - [SerialCom] Result Update - UPDATE uniquecode SET printed = now() WHERE buffered IS NOT NULL and uniquecode = 'ABCDE123451359' - 1
2021-03-08 02:44:18,378 [10] INFO - [SerialCom] Send To Printer : 0,SMFM,003,01,01,1,100,0000,2D_BAR,ABCDE123451360 | Response : 0,FDO
2021-03-08 02:44:18,386 [10] INFO - [SerialCom] argumentOfworker : SMFM-ON-PRINT-0,FDO
2021-03-08 02:44:18,399 [11] INFO - [SerialCom] Result Update - With identifier AS (Select id from uniquecode where buffered is NULL and printed is NULL and isactive = TRUE Order by id asc LIMIT 4 for update) Update uniquecode u set buffered=now() From identifier where identifier.id = u.id - 4
2021-03-08 02:44:18,407 [11] INFO - [SerialCom] Db Select - SELECT uniquecode,id FROM uniquecode WHERE printed IS NULL AND buffered IS NOT NULL and isactive = TRUE ORDER BY ID asc - ABCDE123451360,ABCDE123451361,ABCDE123451362,ABCDE123451363,ABCDE123451364,ABCDE123451365
2021-03-08 02:44:18,415 [11] INFO - [SerialCom] Db Selectid - SELECT id FROM uniquecode WHERE printed IS NULL AND buffered IS NOT NULL and isactive = TRUE ORDER BY id asc - 4553,4554,4555,4556,4557,4558
2021-03-08 02:44:43,073 [1] INFO - [SerialCom] Result Update - UPDATE uniquecode SET buffered = NULL WHERE buffered IS NOT NULL and printed IS NULL and isactive = TRUE - 6
2021-03-08 02:44:45,181 [1] INFO - [SerialCom] Result Update - UPDATE uniquecode SET buffered = NULL WHERE buffered IS NOT NULL and printed IS NULL and isactive = TRUE - 0
2021-03-08 02:44:46,081 [7] INFO - [SerialCom] Send To Printer : 0,JTSP,\r\n
2021-03-08 10:21:08,762 [1] ERROR- [SerialCom] autoupdate: Access to the path 'E:\ULUM\netProject\redhires\SerialCom\bin\Debug\serialcom.exe' is denied.
2021-03-08 10:21:34,614 [1] ERROR- [SerialCom] autoupdate: Access to the path 'E:\ULUM\netProject\redhires\SerialCom\bin\Debug\serialcom.exe' is denied.
2021-03-08 10:22:29,106 [1] ERROR- [SerialCom] autoupdate: Access to the path 'E:\ULUM\netProject\redhires\SerialCom\bin\Debug\serialcom.exe' is denied.
2021-03-08 10:24:27,888 [1] ERROR- [SerialCom] autoupdate: The remote server returned an error: (404) Not Found.
2021-03-08 10:27:33,189 [1] ERROR- [SerialCom] autoupdate: An exception occurred during a WebClient request.
2021-03-08 10:29:53,021 [1] ERROR- [SerialCom] autoupdate: An exception occurred during a WebClient request.
2021-03-08 10:30:20,120 [1] ERROR- [SerialCom] autoupdate: An exception occurred during a WebClient request.
2021-03-08 10:33:35,801 [1] ERROR- [SerialCom] autoupdate: An exception occurred during a WebClient request.
2021-03-08 10:40:29,551 [1] ERROR- [SerialCom] FormMain_Load() - An exception occurred during a WebClient request.
2021-03-08 10:46:34,982 [1] ERROR- [SerialCom] autoupdate: An exception occurred during a WebClient request.
2021-03-08 10:51:02,802 [1] ERROR- [SerialCom] autoupdate: An exception occurred during a WebClient request.
2021-03-08 10:54:08,232 [1] ERROR- [SerialCom] autoupdate: An exception occurred during a WebClient request.
2021-03-08 10:54:15,892 [1] ERROR- [SerialCom] autoupdate: An exception occurred during a WebClient request.
