2021-03-12 08:57:33,269 [1] INFO - [SerialCom] setting
2021-03-12 08:57:39,354 [1] INFO - [SerialCom] Port : COM1|Data Bits : 8|Parity : NONE|StopBits : 1|Flow Control : NONE
2021-03-12 09:00:43,976 [1] INFO - [SerialCom] Result Insert - INSERT INTO uniquecode(uniquecode,received) VALUES ('TEST00001','2020-01-09 20:00:00') - 1
2021-03-12 09:00:43,992 [1] INFO - [SerialCom] Result Insert - INSERT INTO uniquecode(uniquecode,received) VALUES ('TEST00002','2020-01-09 20:00:00') - 1
2021-03-12 09:00:43,992 [1] INFO - [SerialCom] Result Insert - INSERT INTO uniquecode(uniquecode,received) VALUES ('TEST00003','2020-01-09 20:00:00') - 1
2021-03-12 09:00:44,008 [1] INFO - [SerialCom] Result Insert - INSERT INTO uniquecode(uniquecode,received) VALUES ('TEST00004','2020-01-09 20:00:00') - 1
2021-03-12 09:00:44,008 [1] INFO - [SerialCom] Result Insert - INSERT INTO uniquecode(uniquecode,received) VALUES ('TEST00005','2020-01-09 20:00:00') - 1
2021-03-12 09:00:44,023 [1] INFO - [SerialCom] Result Insert - INSERT INTO uniquecode(uniquecode,received) VALUES ('TEST00006','2020-01-09 20:00:00') - 1
2021-03-12 09:00:44,023 [1] INFO - [SerialCom] Result Insert - INSERT INTO uniquecode(uniquecode,received) VALUES ('TEST00007','2020-01-09 20:00:00') - 1
2021-03-12 09:00:44,039 [1] INFO - [SerialCom] Result Insert - INSERT INTO uniquecode(uniquecode,received) VALUES ('TEST00008','2020-01-09 20:00:00') - 1
2021-03-12 09:00:44,039 [1] INFO - [SerialCom] Result Insert - INSERT INTO uniquecode(uniquecode,received) VALUES ('TEST00009','2020-01-09 20:00:00') - 1
2021-03-12 09:00:44,055 [1] INFO - [SerialCom] Result Insert - INSERT INTO uniquecode(uniquecode,received) VALUES ('TEST00010','2020-01-09 20:00:00') - 1
2021-03-12 09:00:44,055 [1] INFO - [SerialCom] Result Insert - INSERT INTO uniquecode(uniquecode,received) VALUES ('TEST00011','2020-01-09 20:00:00') - 1
2021-03-12 09:00:44,070 [1] INFO - [SerialCom] Result Insert - INSERT INTO uniquecode(uniquecode,received) VALUES ('TEST00012','2020-01-09 20:00:00') - 1
2021-03-12 09:00:44,070 [1] INFO - [SerialCom] Result Insert - INSERT INTO uniquecode(uniquecode,received) VALUES ('TEST00013','2020-01-09 20:00:00') - 1
2021-03-12 09:00:44,086 [1] INFO - [SerialCom] Result Insert - INSERT INTO uniquecode(uniquecode,received) VALUES ('TEST00014','2020-01-09 20:00:00') - 1
2021-03-12 09:00:44,086 [1] INFO - [SerialCom] Result Insert - INSERT INTO uniquecode(uniquecode,received) VALUES ('TEST00015','2020-01-09 20:00:00') - 1
2021-03-12 09:00:44,101 [1] INFO - [SerialCom] Result Insert - INSERT INTO uniquecode(uniquecode,received) VALUES ('TEST00016','2020-01-09 20:00:00') - 1
2021-03-12 09:00:44,101 [1] INFO - [SerialCom] Result Insert - INSERT INTO uniquecode(uniquecode,received) VALUES ('TEST00017','2020-01-09 20:00:00') - 1
2021-03-12 09:00:44,117 [1] INFO - [SerialCom] Result Insert - INSERT INTO uniquecode(uniquecode,received) VALUES ('TEST00018','2020-01-09 20:00:00') - 1
2021-03-12 09:00:44,117 [1] INFO - [SerialCom] Result Insert - INSERT INTO uniquecode(uniquecode,received) VALUES ('TEST00019','2020-01-09 20:00:00') - 1
2021-03-12 09:00:44,117 [1] INFO - [SerialCom] Result Insert - INSERT INTO uniquecode(uniquecode,received) VALUES ('TEST00020','2020-01-09 20:00:00') - 1
2021-03-12 09:02:09,543 [1] INFO - [SerialCom] Port : COM1|Data Bits : 8|Parity : NONE|StopBits : 1|Flow Control : NONE
2021-03-12 09:02:12,043 [1] INFO - [SerialCom] Dbs Count :  - Select Count(*) FROM uniquecode WHERE PRINTED IS NULL and buffered IS NULL and isactive = TRUE - 799
2021-03-12 09:04:34,892 [8] INFO - [SerialCom] argumentOfworker : ECHO-0,ECHO
2021-03-12 09:04:36,830 [11] INFO - [SerialCom] Send To Printer : 0,PEEC,1, | Response : 0,PEEC,1,
2021-03-12 09:04:36,830 [11] INFO - [SerialCom] argumentOfworker : PEEC-0,PEEC,1,
2021-03-12 09:04:36,846 [1] INFO - [SerialCom] Result Update - With identifier AS (Select id from uniquecode where buffered is NULL and printed is NULL and isactive = TRUE Order by id asc LIMIT 4 for update) Update uniquecode u set buffered=now() From identifier where identifier.id = u.id - 4
2021-03-12 09:04:36,861 [1] INFO - [SerialCom] Db Select - SELECT uniquecode,id FROM uniquecode WHERE printed IS NULL AND buffered IS NOT NULL and isactive = TRUE ORDER BY ID asc - ABCDE123451360,ABCDE123451361,ABCDE123451362,ABCDE123451363
2021-03-12 09:04:36,877 [1] INFO - [SerialCom] Db Selectid - SELECT id FROM uniquecode WHERE printed IS NULL AND buffered IS NOT NULL and isactive = TRUE ORDER BY id asc - 4553,4554,4555,4556
2021-03-12 09:04:43,283 [14] INFO - [SerialCom] Send To Printer : 0,MSST,3, | Response : 0,FDO
2021-03-12 09:04:43,283 [14] INFO - [SerialCom] argumentOfworker : MSST-0,FDO
2021-03-12 09:05:17,528 [11] INFO - [SerialCom] Send To Printer : 0,SMFM,003,01,01,1,100,0000,2D_BAR,ABCDE123451360 | Response : K,
2021-03-12 09:05:17,544 [11] INFO - [SerialCom] argumentOfworker : SMFM-K,
2021-03-12 09:05:20,748 [15] INFO - [SerialCom] Send To Printer : 0,JTST
2021-03-12 09:05:20,748 [15] INFO - [SerialCom] argumentOfworker : JTST-OK
2021-03-12 09:06:36,115 [14] INFO - [SerialCom] Result Update - UPDATE uniquecode SET printed = now() WHERE buffered IS NOT NULL and uniquecode = 'ABCDE123451360' - 1
2021-03-12 09:07:03,833 [1] INFO - [SerialCom] Result Update - UPDATE uniquecode SET buffered = NULL WHERE buffered IS NOT NULL and printed IS NULL and isactive = TRUE - 3
2021-03-12 09:07:06,411 [1] INFO - [SerialCom] Result Update - UPDATE uniquecode SET buffered = NULL WHERE buffered IS NOT NULL and printed IS NULL and isactive = TRUE - 0
2021-03-12 09:07:06,848 [7] INFO - [SerialCom] Send To Printer : 0,JTSP,\r\n
2021-03-12 09:07:09,442 [12] ERROR- [SerialCom] SP SMFM : The port is closed.
2021-03-12 09:07:09,458 [12] INFO - [SerialCom] argumentOfworker : SMFM-ON-PRINT-FAIL
2021-03-12 09:07:10,161 [1] ERROR- [SerialCom] Printer Status :  - Connection Disconnected
2021-03-12 09:16:24,023 [1] INFO - [SerialCom] Result Insert - INSERT INTO uniquecode(uniquecode,received) VALUES ('TEST00001','2020-01-09 20:00:00') - 1
2021-03-12 09:16:24,049 [1] INFO - [SerialCom] Result Insert - INSERT INTO uniquecode(uniquecode,received) VALUES ('TEST00002','2020-01-09 20:00:00') - 1
2021-03-12 09:16:24,061 [1] INFO - [SerialCom] Result Insert - INSERT INTO uniquecode(uniquecode,received) VALUES ('TEST00003','2020-01-09 20:00:00') - 1
2021-03-12 09:16:24,077 [1] INFO - [SerialCom] Result Insert - INSERT INTO uniquecode(uniquecode,received) VALUES ('TEST00004','2020-01-09 20:00:00') - 1
2021-03-12 09:16:24,090 [1] INFO - [SerialCom] Result Insert - INSERT INTO uniquecode(uniquecode,received) VALUES ('TEST00005','2020-01-09 20:00:00') - 1
2021-03-12 09:16:24,100 [1] INFO - [SerialCom] Result Insert - INSERT INTO uniquecode(uniquecode,received) VALUES ('TEST00006','2020-01-09 20:00:00') - 1
2021-03-12 09:16:24,114 [1] INFO - [SerialCom] Result Insert - INSERT INTO uniquecode(uniquecode,received) VALUES ('TEST00007','2020-01-09 20:00:00') - 1
2021-03-12 09:16:24,126 [1] INFO - [SerialCom] Result Insert - INSERT INTO uniquecode(uniquecode,received) VALUES ('TEST00008','2020-01-09 20:00:00') - 1
2021-03-12 09:16:24,138 [1] INFO - [SerialCom] Result Insert - INSERT INTO uniquecode(uniquecode,received) VALUES ('TEST00009','2020-01-09 20:00:00') - 1
2021-03-12 09:16:24,151 [1] INFO - [SerialCom] Result Insert - INSERT INTO uniquecode(uniquecode,received) VALUES ('TEST00010','2020-01-09 20:00:00') - 1
2021-03-12 09:16:24,166 [1] INFO - [SerialCom] Result Insert - INSERT INTO uniquecode(uniquecode,received) VALUES ('TEST00011','2020-01-09 20:00:00') - 1
2021-03-12 09:16:24,180 [1] INFO - [SerialCom] Result Insert - INSERT INTO uniquecode(uniquecode,received) VALUES ('TEST00012','2020-01-09 20:00:00') - 1
2021-03-12 09:16:24,193 [1] INFO - [SerialCom] Result Insert - INSERT INTO uniquecode(uniquecode,received) VALUES ('TEST00013','2020-01-09 20:00:00') - 1
2021-03-12 09:16:24,206 [1] INFO - [SerialCom] Result Insert - INSERT INTO uniquecode(uniquecode,received) VALUES ('TEST00014','2020-01-09 20:00:00') - 1
2021-03-12 09:16:24,219 [1] INFO - [SerialCom] Result Insert - INSERT INTO uniquecode(uniquecode,received) VALUES ('TEST00015','2020-01-09 20:00:00') - 1
2021-03-12 09:16:24,230 [1] INFO - [SerialCom] Result Insert - INSERT INTO uniquecode(uniquecode,received) VALUES ('TEST00016','2020-01-09 20:00:00') - 1
2021-03-12 09:16:24,242 [1] INFO - [SerialCom] Result Insert - INSERT INTO uniquecode(uniquecode,received) VALUES ('TEST00017','2020-01-09 20:00:00') - 1
2021-03-12 09:16:24,250 [1] INFO - [SerialCom] Result Insert - INSERT INTO uniquecode(uniquecode,received) VALUES ('TEST00018','2020-01-09 20:00:00') - 1
2021-03-12 09:16:24,258 [1] INFO - [SerialCom] Result Insert - INSERT INTO uniquecode(uniquecode,received) VALUES ('TEST00019','2020-01-09 20:00:00') - 1
2021-03-12 09:16:24,266 [1] INFO - [SerialCom] Result Insert - INSERT INTO uniquecode(uniquecode,received) VALUES ('TEST00020','2020-01-09 20:00:00') - 1
2021-03-12 09:26:36,730 [1] INFO - [SerialCom] Port : COM1|Data Bits : 8|Parity : NONE|StopBits : 1|Flow Control : NONE
2021-03-12 09:26:39,620 [1] INFO - [SerialCom] Dbs Count :  - Select Count(*) FROM uniquecode WHERE PRINTED IS NULL and buffered IS NULL and isactive = TRUE - 818
2021-03-12 09:26:43,850 [7] INFO - [SerialCom] argumentOfworker : ECHO-0,ECHO
2021-03-12 09:26:44,565 [10] INFO - [SerialCom] Send To Printer : 0,PEEC,1, | Response : 0,
2021-03-12 09:26:44,573 [10] INFO - [SerialCom] argumentOfworker : PEEC-0,
2021-03-12 09:26:44,592 [1] INFO - [SerialCom] Result Update - With identifier AS (Select id from uniquecode where buffered is NULL and printed is NULL and isactive = TRUE Order by id asc LIMIT 4 for update) Update uniquecode u set buffered=now() From identifier where identifier.id = u.id - 4
2021-03-12 09:26:44,608 [1] INFO - [SerialCom] Db Select - SELECT uniquecode,id FROM uniquecode WHERE printed IS NULL AND buffered IS NOT NULL and isactive = TRUE ORDER BY ID asc - ABCDE123451361,ABCDE123451362,ABCDE123451363,ABCDE123451364
2021-03-12 09:26:44,620 [1] INFO - [SerialCom] Db Selectid - SELECT id FROM uniquecode WHERE printed IS NULL AND buffered IS NOT NULL and isactive = TRUE ORDER BY id asc - 4554,4555,4556,4557
2021-03-12 09:26:44,675 [8] INFO - [SerialCom] Send To Printer : 0,MSST,3, | Response : PEEC,1,
2021-03-12 09:26:44,682 [8] INFO - [SerialCom] argumentOfworker : MSST-PEEC,1,
2021-03-12 09:26:48,320 [7] INFO - [SerialCom] Send To Printer : 0,SMFM,003,01,01,1,100,0000,2D_BAR,ABCDE123451361 | Response : 0,FDOK,
2021-03-12 09:26:48,331 [7] INFO - [SerialCom] argumentOfworker : SMFM-0,FDOK,
2021-03-12 09:26:51,600 [10] INFO - [SerialCom] Send To Printer : 0,JTST
2021-03-12 09:26:51,607 [10] INFO - [SerialCom] argumentOfworker : JTST-OK
2021-03-12 09:26:55,106 [10] INFO - [SerialCom] Result Update - UPDATE uniquecode SET printed = now() WHERE buffered IS NOT NULL and uniquecode = 'ABCDE123451361' - 1
2021-03-12 09:27:31,725 [9] INFO - [SerialCom] Send To Printer : 0,SMFM,003,01,01,1,100,0000,2D_BAR,ABCDE123451362 | Response : 0,OK\
2021-03-12 09:27:31,739 [9] INFO - [SerialCom] argumentOfworker : SMFM-ON-PRINT-0,OK\
2021-03-12 09:27:33,670 [7] INFO - [SerialCom] Result Update - UPDATE uniquecode SET printed = now() WHERE buffered IS NOT NULL and uniquecode = 'ABCDE123451362' - 1
2021-03-12 09:27:37,162 [1] INFO - [SerialCom] Result Update - UPDATE uniquecode SET buffered = NULL WHERE buffered IS NOT NULL and printed IS NULL and isactive = TRUE - 2
2021-03-12 09:27:40,174 [7] INFO - [SerialCom] Send To Printer : 0,JTSP,\r\n
2021-03-12 09:29:21,343 [1] INFO - [SerialCom] Port : COM1|Data Bits : 8|Parity : NONE|StopBits : 1|Flow Control : NONE
2021-03-12 09:29:24,186 [1] INFO - [SerialCom] Dbs Count :  - Select Count(*) FROM uniquecode WHERE PRINTED IS NULL and buffered IS NULL and isactive = TRUE - 816
2021-03-12 09:45:45,703 [1] INFO - [SerialCom] setting
2021-03-12 09:45:52,330 [1] INFO - [SerialCom] Port : COM1|Data Bits : 8|Parity : NONE|StopBits : 1|Flow Control : NONE
2021-03-12 09:48:45,247 [1] INFO - [SerialCom] Port : COM1|Data Bits : 8|Parity : NONE|StopBits : 1|Flow Control : NONE
2021-03-12 09:48:49,050 [1] INFO - [SerialCom] Dbs Count :  - Select Count(*) FROM uniquecode WHERE PRINTED IS NULL and buffered IS NULL and isactive = TRUE - 816
2021-03-12 09:49:21,014 [1] INFO - [SerialCom] Port : COM1|Data Bits : 8|Parity : NONE|StopBits : 1|Flow Control : NONE
2021-03-12 09:49:23,813 [1] INFO - [SerialCom] Dbs Count :  - Select Count(*) FROM uniquecode WHERE PRINTED IS NULL and buffered IS NULL and isactive = TRUE - 816
2021-03-12 09:49:27,292 [1] ERROR- [SerialCom] Printer Status :  - Connection Disconnected
2021-03-12 09:49:32,305 [1] INFO - [SerialCom] Port : COM1|Data Bits : 8|Parity : NONE|StopBits : 1|Flow Control : NONE
2021-03-12 09:49:33,319 [1] INFO - [SerialCom] Dbs Count :  - Select Count(*) FROM uniquecode WHERE PRINTED IS NULL and buffered IS NULL and isactive = TRUE - 816
2021-03-12 09:49:37,155 [1] ERROR- [SerialCom] Printer Status :  - Connection Disconnected
2021-03-12 09:49:38,689 [1] INFO - [SerialCom] Port : COM1|Data Bits : 8|Parity : NONE|StopBits : 1|Flow Control : NONE
2021-03-12 09:49:39,869 [1] INFO - [SerialCom] Dbs Count :  - Select Count(*) FROM uniquecode WHERE PRINTED IS NULL and buffered IS NULL and isactive = TRUE - 816
2021-03-12 09:49:41,962 [1] ERROR- [SerialCom] Printer Status :  - Connection Disconnected
2021-03-12 09:49:42,841 [1] INFO - [SerialCom] Port : COM1|Data Bits : 8|Parity : NONE|StopBits : 1|Flow Control : NONE
2021-03-12 09:49:43,672 [1] INFO - [SerialCom] Dbs Count :  - Select Count(*) FROM uniquecode WHERE PRINTED IS NULL and buffered IS NULL and isactive = TRUE - 816
2021-03-12 09:49:54,003 [1] ERROR- [SerialCom] Printer Status :  - Connection Disconnected
2021-03-12 09:50:28,919 [1] INFO - [SerialCom] Port : COM1|Data Bits : 8|Parity : NONE|StopBits : 1|Flow Control : NONE
2021-03-12 09:50:31,935 [1] INFO - [SerialCom] Dbs Count :  - Select Count(*) FROM uniquecode WHERE PRINTED IS NULL and buffered IS NULL and isactive = TRUE - 816
2021-03-12 09:50:37,571 [1] ERROR- [SerialCom] Printer Status :  - Connection Disconnected
2021-03-12 09:51:25,810 [1] INFO - [SerialCom] Port : COM1|Data Bits : 8|Parity : NONE|StopBits : 1|Flow Control : NONE
2021-03-12 09:51:28,696 [1] INFO - [SerialCom] Dbs Count :  - Select Count(*) FROM uniquecode WHERE PRINTED IS NULL and buffered IS NULL and isactive = TRUE - 816
2021-03-12 09:51:33,012 [1] ERROR- [SerialCom] Printer Status :  - Connection Disconnected
2021-03-12 09:53:21,037 [1] INFO - [SerialCom] Port : COM1|Data Bits : 8|Parity : NONE|StopBits : 1|Flow Control : NONE
2021-03-12 09:53:23,761 [1] INFO - [SerialCom] Dbs Count :  - Select Count(*) FROM uniquecode WHERE PRINTED IS NULL and buffered IS NULL and isactive = TRUE - 816
2021-03-12 09:53:27,850 [1] ERROR- [SerialCom] Printer Status :  - Connection Disconnected
2021-03-12 09:54:33,432 [1] INFO - [SerialCom] Port : COM1|Data Bits : 8|Parity : NONE|StopBits : 1|Flow Control : NONE
2021-03-12 09:54:37,825 [1] INFO - [SerialCom] Dbs Count :  - Select Count(*) FROM uniquecode WHERE PRINTED IS NULL and buffered IS NULL and isactive = TRUE - 816
2021-03-12 09:54:42,986 [1] ERROR- [SerialCom] Printer Status :  - Connection Disconnected
2021-03-12 09:55:16,572 [1] INFO - [SerialCom] Port : COM1|Data Bits : 8|Parity : NONE|StopBits : 1|Flow Control : NONE
2021-03-12 09:55:19,681 [1] INFO - [SerialCom] Dbs Count :  - Select Count(*) FROM uniquecode WHERE PRINTED IS NULL and buffered IS NULL and isactive = TRUE - 816
2021-03-12 09:55:22,793 [1] ERROR- [SerialCom] Printer Status :  - Connection Disconnected
2021-03-12 09:55:24,502 [1] INFO - [SerialCom] Port : COM1|Data Bits : 8|Parity : NONE|StopBits : 1|Flow Control : NONE
2021-03-12 09:55:26,340 [1] INFO - [SerialCom] Dbs Count :  - Select Count(*) FROM uniquecode WHERE PRINTED IS NULL and buffered IS NULL and isactive = TRUE - 816
2021-03-12 09:55:29,024 [1] ERROR- [SerialCom] Printer Status :  - Connection Disconnected
2021-03-12 09:55:34,340 [1] INFO - [SerialCom] Port : COM1|Data Bits : 8|Parity : NONE|StopBits : 1|Flow Control : NONE
2021-03-12 09:55:35,331 [1] INFO - [SerialCom] Dbs Count :  - Select Count(*) FROM uniquecode WHERE PRINTED IS NULL and buffered IS NULL and isactive = TRUE - 816
2021-03-12 09:55:44,331 [7] INFO - [SerialCom] argumentOfworker : ECHO-0,ECHO
2021-03-12 09:55:46,287 [9] INFO - [SerialCom] Send To Printer : 0,PEEC,1, | Response : 0,PEEC,1,
2021-03-12 09:55:46,295 [9] INFO - [SerialCom] argumentOfworker : PEEC-0,PEEC,1,
2021-03-12 09:55:46,321 [1] INFO - [SerialCom] Result Update - With identifier AS (Select id from uniquecode where buffered is NULL and printed is NULL and isactive = TRUE Order by id asc LIMIT 4 for update) Update uniquecode u set buffered=now() From identifier where identifier.id = u.id - 4
2021-03-12 09:55:46,342 [1] INFO - [SerialCom] Db Select - SELECT uniquecode,id FROM uniquecode WHERE printed IS NULL AND buffered IS NOT NULL and isactive = TRUE ORDER BY ID asc - ABCDE123451363,ABCDE123451364,ABCDE123451365,ABCDE123451366
2021-03-12 09:55:46,357 [1] INFO - [SerialCom] Db Selectid - SELECT id FROM uniquecode WHERE printed IS NULL AND buffered IS NOT NULL and isactive = TRUE ORDER BY id asc - 4556,4557,4558,4559
2021-03-12 09:55:47,406 [7] INFO - [SerialCom] Send To Printer : 0,MSST,3, | Response : 0,FDOK,
2021-03-12 09:55:47,419 [7] INFO - [SerialCom] argumentOfworker : MSST-0,FDOK,
2021-03-12 09:55:49,885 [9] INFO - [SerialCom] Send To Printer : 0,SMFM,003,01,01,1,100,0000,2D_BAR,ABCDE123451363 | Response : 
2021-03-12 09:55:49,896 [9] INFO - [SerialCom] argumentOfworker : SMFM-
2021-03-12 09:55:53,174 [7] INFO - [SerialCom] Send To Printer : 0,JTST
2021-03-12 09:55:53,184 [7] INFO - [SerialCom] argumentOfworker : JTST-OK
2021-03-12 09:57:48,143 [1] INFO - [SerialCom] Result Update - UPDATE uniquecode SET buffered = NULL WHERE buffered IS NOT NULL and printed IS NULL and isactive = TRUE - 4
2021-03-12 09:57:50,412 [1] INFO - [SerialCom] Result Update - UPDATE uniquecode SET buffered = NULL WHERE buffered IS NOT NULL and printed IS NULL and isactive = TRUE - 0
2021-03-12 09:57:51,150 [7] INFO - [SerialCom] Send To Printer : 0,JTSP,\r\n
2021-03-12 09:57:58,145 [1] ERROR- [SerialCom] Printer Status :  - Connection Disconnected
2021-03-12 09:58:19,780 [1] ERROR- [SerialCom] autoupdate: An exception occurred during a WebClient request.
2021-03-12 09:58:22,260 [1] ERROR- [SerialCom] autoupdate: An exception occurred during a WebClient request.
2021-03-12 09:58:24,241 [1] ERROR- [SerialCom] autoupdate: An exception occurred during a WebClient request.
2021-03-12 10:04:18,978 [1] ERROR- [SerialCom] autoupdate: An exception occurred during a WebClient request.
2021-03-12 10:04:26,807 [1] ERROR- [SerialCom] autoupdate: An exception occurred during a WebClient request.
2021-03-12 10:04:29,278 [1] ERROR- [SerialCom] autoupdate: An exception occurred during a WebClient request.
2021-03-12 10:04:31,680 [1] ERROR- [SerialCom] autoupdate: An exception occurred during a WebClient request.
